\BOOKMARK [0][-]{chapter*.6}{\376\377\000I\000n\000t\000r\000o\000d\000u\000c\000t\000i\000o\000n\000\040\000g\000\351\000n\000\351\000r\000a\000l\000e}{}% 1
\BOOKMARK [0][-]{chapter.1}{\376\377\000C\000o\000n\000t\000e\000x\000t\000e\000\040\000d\000u\000\040\000p\000r\000o\000j\000e\000t}{}% 2
\BOOKMARK [1][-]{section.1.1}{\376\377\000I\000n\000t\000r\000o\000d\000u\000c\000t\000i\000o\000n}{chapter.1}% 3
\BOOKMARK [1][-]{section.1.2}{\376\377\000P\000r\000\351\000s\000e\000n\000t\000a\000t\000i\000o\000n\000\040\000d\000e\000\040\000l\000'\000o\000r\000g\000a\000n\000i\000s\000m\000e\000\040\000d\000'\000a\000c\000c\000u\000e\000i\000l\000\040}{chapter.1}% 4
\BOOKMARK [2][-]{subsection.1.2.1}{\376\377\000O\000r\000g\000a\000n\000i\000s\000m\000e\000\040\000d\000'\000a\000c\000c\000u\000e\000i\000l}{section.1.2}% 5
\BOOKMARK [2][-]{subsection.1.2.2}{\376\377\000D\000o\000m\000a\000i\000n\000e\000s\000\040\000d\000'\000a\000c\000t\000i\000v\000i\000t\000\351\000s}{section.1.2}% 6
\BOOKMARK [1][-]{section.1.3}{\376\377\000P\000r\000\351\000s\000e\000n\000t\000a\000t\000i\000o\000n\000\040\000d\000u\000\040\000p\000r\000o\000j\000e\000t}{chapter.1}% 7
\BOOKMARK [2][-]{subsection.1.3.1}{\376\377\000C\000a\000d\000r\000e\000\040\000d\000e\000\040\000p\000r\000o\000j\000e\000t}{section.1.3}% 8
\BOOKMARK [2][-]{subsection.1.3.2}{\376\377\000P\000r\000o\000b\000l\000\351\000m\000a\000t\000i\000q\000u\000e}{section.1.3}% 9
\BOOKMARK [1][-]{section.1.4}{\376\377\000M\000\351\000t\000h\000o\000d\000o\000l\000o\000g\000i\000e\000\040\000d\000e\000\040\000t\000r\000a\000v\000a\000i\000l\000\040\000e\000t\000\040\000p\000l\000a\000n\000i\000f\000i\000c\000a\000t\000i\000o\000n}{chapter.1}% 10
\BOOKMARK [2][-]{subsection.1.4.1}{\376\377\000P\000r\000\351\000s\000e\000n\000t\000a\000t\000i\000o\000n\000\040\000d\000e\000\040\000l\000a\000\040\000m\000\351\000t\000h\000o\000d\000o\000l\000o\000g\000i\000e\000\040\000e\000n\000\040\000c\000a\000s\000c\000a\000d\000e}{section.1.4}% 11
\BOOKMARK [2][-]{subsection.1.4.2}{\376\377\000C\000h\000o\000i\000x\000\040\000d\000e\000\040\000l\000a\000\040\000m\000\351\000t\000h\000o\000d\000o\000l\000o\000g\000i\000e\000\040\000e\000n\000\040\000c\000a\000s\000c\000a\000d\000e}{section.1.4}% 12
\BOOKMARK [1][-]{section.1.5}{\376\377\000C\000o\000n\000c\000l\000u\000s\000i\000o\000n\000\040}{chapter.1}% 13
\BOOKMARK [0][-]{chapter.2}{\376\377\000D\000\351\000p\000l\000o\000i\000e\000m\000e\000n\000t\000\040\000d\000e\000\040\000l\000'\000i\000n\000f\000r\000a\000s\000t\000r\000u\000c\000t\000u\000r\000e\000\040\000I\000T}{}% 14
\BOOKMARK [1][-]{section.2.1}{\376\377\000I\000n\000t\000r\000o\000d\000u\000c\000t\000i\000o\000n}{chapter.2}% 15
\BOOKMARK [1][-]{section.2.2}{\376\377\000O\000u\000t\000i\000l\000s\000\040\000e\000t\000\040\000t\000e\000c\000h\000n\000o\000l\000o\000g\000i\000e\000s\000\040\000u\000t\000i\000l\000i\000s\000\351\000s}{chapter.2}% 16
\BOOKMARK [2][-]{subsection.2.2.1}{\376\377\000M\000a\000t\000\351\000r\000i\000e\000l\000s\000\040\000u\000t\000i\000l\000i\000s\000\351\000s}{section.2.2}% 17
\BOOKMARK [2][-]{subsection.2.2.2}{\376\377\000L\000o\000g\000i\000c\000i\000e\000l\000s\000\040\000u\000t\000i\000l\000i\000s\000\351\000s}{section.2.2}% 18
\BOOKMARK [1][-]{section.2.3}{\376\377\000P\000r\000\351\000s\000e\000n\000t\000a\000t\000i\000o\000n\000\040\000d\000e\000s\000\040\000l\000o\000c\000a\000u\000x\000\040\000e\000t\000\040\000d\000\351\000p\000l\000o\000i\000e\000m\000e\000n\000t\000\040\000d\000e\000\040\000r\000\351\000s\000e\000a\000u\000x\000\040\000M\000A\000N}{chapter.2}% 19
\BOOKMARK [2][-]{subsection.2.3.1}{\376\377\000P\000r\000\351\000s\000e\000n\000t\000a\000t\000i\000o\000n\000\040\000d\000e\000s\000\040\000t\000r\000o\000i\000s\000\040\000l\000o\000c\000a\000u\000x}{section.2.3}% 20
\BOOKMARK [2][-]{subsection.2.3.2}{\376\377\000D\000\351\000f\000i\000n\000i\000t\000i\000o\000n\000\040\000d\000u\000\040\000r\000\351\000s\000e\000a\000u\000\040\000M\000A\000N}{section.2.3}% 21
\BOOKMARK [2][-]{subsection.2.3.3}{\376\377\000I\000m\000p\000l\000\351\000m\000e\000n\000t\000a\000t\000i\000o\000n\000\040\000d\000u\000\040\000M\000A\000N\000\040\000e\000t\000\040\000l\000e\000\040\000c\000h\000o\000i\000x\000\040\000d\000e\000\040\000T\000P\000-\000L\000i\000n\000k}{section.2.3}% 22
\BOOKMARK [1][-]{section.2.4}{\376\377\000L\000'\000a\000r\000c\000h\000i\000t\000e\000c\000t\000u\000r\000e\000\040\000r\000\351\000s\000e\000a\000u}{chapter.2}% 23
\BOOKMARK [2][-]{subsection.2.4.1}{\376\377\000T\000o\000p\000o\000l\000o\000g\000i\000e\000\040\000e\000n\000\040\000G\000N\000S\0003}{section.2.4}% 24
\BOOKMARK [2][-]{subsection.2.4.2}{\376\377\000C\000o\000n\000f\000i\000g\000u\000r\000a\000t\000i\000o\000n\000\040\000e\000n\000\040\000G\000N\000S\0003}{section.2.4}% 25
\BOOKMARK [2][-]{subsection.2.4.3}{\376\377\000I\000m\000p\000l\000\351\000m\000e\000n\000t\000a\000t\000i\000o\000n}{section.2.4}% 26
\BOOKMARK [1][-]{section.2.5}{\376\377\000P\000a\000r\000e\000-\000f\000e\000u}{chapter.2}% 27
\BOOKMARK [2][-]{subsection.2.5.1}{\376\377\000C\000h\000o\000i\000x\000\040\000p\000f\000S\000e\000n\000s\000e}{section.2.5}% 28
\BOOKMARK [2][-]{subsection.2.5.2}{\376\377\000M\000i\000s\000e\000\040\000e\000n\000\040\001\123\000u\000v\000r\000e\000\040\000d\000u\000\040\000p\000f\000S\000e\000n\000s\000e}{section.2.5}% 29
\BOOKMARK [1][-]{section.2.6}{\376\377\000C\000o\000n\000c\000l\000u\000s\000i\000o\000n}{chapter.2}% 30
\BOOKMARK [0][-]{chapter.3}{\376\377\000D\000\351\000p\000l\000o\000i\000e\000m\000e\000n\000t\000\040\000d\000u\000\040\000S\000y\000s\000t\000\350\000m\000e\000\040\000d\000'\000i\000n\000f\000o\000r\000m\000a\000t\000i\000o\000n}{}% 31
\BOOKMARK [1][-]{section.3.1}{\376\377\000I\000n\000t\000r\000o\000d\000u\000c\000t\000i\000o\000n}{chapter.3}% 32
\BOOKMARK [1][-]{section.3.2}{\376\377\000L\000e\000s\000\040\000b\000e\000s\000o\000i\000n\000s\000\040\000d\000e\000\040\000n\000o\000t\000r\000e\000\040\000s\000y\000s\000t\000\350\000m\000e\000\040\000d\000'\000i\000n\000f\000o\000r\000m\000a\000t\000i\000o\000n}{chapter.3}% 33
\BOOKMARK [1][-]{section.3.3}{\376\377\000L\000e\000s\000\040\000s\000o\000l\000u\000t\000i\000o\000n\000s\000\040\000c\000h\000o\000i\000s\000i\000e\000s}{chapter.3}% 34
\BOOKMARK [2][-]{subsection.3.3.1}{\376\377\000O\000S\000\040\000S\000e\000r\000v\000e\000u\000r}{section.3.3}% 35
\BOOKMARK [2][-]{subsection.3.3.2}{\376\377\000V\000i\000r\000t\000u\000a\000l\000i\000s\000a\000t\000i\000o\000n}{section.3.3}% 36
\BOOKMARK [2][-]{subsection.3.3.3}{\376\377\000P\000r\000o\000t\000o\000c\000o\000l\000e\000\040\000d\000e\000\040\000c\000o\000m\000m\000u\000n\000i\000c\000a\000t\000i\000o\000n}{section.3.3}% 37
\BOOKMARK [2][-]{subsection.3.3.4}{\376\377\000E\000R\000P\000/\000C\000R\000M}{section.3.3}% 38
\BOOKMARK [2][-]{subsection.3.3.5}{\376\377\000S\000y\000s\000t\000\350\000m\000e\000\040\000d\000e\000\040\000t\000\351\000l\000\351\000p\000h\000o\000n\000i\000e\000\040\000I\000P}{section.3.3}% 39
\BOOKMARK [2][-]{subsection.3.3.6}{\376\377\000G\000e\000s\000t\000i\000o\000n\000\040\000d\000e\000\040\000p\000a\000r\000c\000\040\000e\000t\000\040\000d\000'\000i\000n\000v\000e\000n\000t\000a\000i\000r\000e\000s}{section.3.3}% 40
\BOOKMARK [2][-]{subsection.3.3.7}{\376\377\000G\000e\000s\000t\000i\000o\000n\000\040\000d\000e\000s\000\040\000i\000d\000e\000n\000t\000i\000t\000\351\000s\000\040\000e\000t\000\040\000c\000o\000n\000t\000r\000\364\000l\000e\000\040\000d\000'\000a\000c\000c\000\350\000s}{section.3.3}% 41
\BOOKMARK [1][-]{section.3.4}{\376\377\000D\000\351\000p\000l\000o\000i\000e\000m\000e\000n\000t\000\040\000d\000e\000s\000\040\000s\000o\000l\000u\000t\000i\000o\000n\000s\000\040\000c\000h\000o\000i\000s\000i\000e\000s}{chapter.3}% 42
\BOOKMARK [2][-]{subsection.3.4.1}{\376\377\000L\000a\000\040\000c\000o\000u\000c\000h\000e\000\040\000p\000h\000y\000s\000i\000q\000u\000e}{section.3.4}% 43
\BOOKMARK [2][-]{subsection.3.4.2}{\376\377\000L\000a\000\040\000c\000o\000u\000c\000h\000e\000\040\000v\000i\000r\000t\000u\000a\000l\000i\000s\000a\000t\000i\000o\000n}{section.3.4}% 44
\BOOKMARK [2][-]{subsection.3.4.3}{\376\377\000L\000a\000\040\000c\000o\000u\000c\000h\000e\000\040\000a\000p\000p\000l\000i\000c\000a\000t\000i\000v\000e}{section.3.4}% 45
\BOOKMARK [1][-]{section.3.5}{\376\377\000C\000o\000n\000c\000l\000u\000s\000i\000o\000n}{chapter.3}% 46
\BOOKMARK [0][-]{chapter.4}{\376\377\000I\000n\000t\000\351\000g\000r\000a\000t\000i\000o\000n\000\040\000d\000e\000s\000\040\000o\000b\000j\000e\000t\000s\000\040\000c\000o\000n\000n\000e\000c\000t\000\351\000s}{}% 47
\BOOKMARK [1][-]{section.4.1}{\376\377\000I\000n\000t\000r\000o\000d\000u\000c\000t\000i\000o\000n}{chapter.4}% 48
\BOOKMARK [1][-]{section.4.2}{\376\377\000D\000\351\000f\000i\000n\000i\000t\000i\000o\000n\000\040\000d\000e\000s\000\040\000o\000b\000j\000e\000t\000s\000\040\000c\000o\000n\000n\000e\000c\000t\000\351\000s}{chapter.4}% 49
\BOOKMARK [1][-]{section.4.3}{\376\377\000I\000n\000t\000\351\000g\000r\000a\000t\000i\000o\000n\000\040\000d\000e\000s\000\040\000d\000i\000s\000p\000o\000s\000i\000t\000i\000f\000s\000\040\000d\000e\000\040\000l\000'\000e\000n\000t\000r\000e\000p\000r\000i\000s\000e}{chapter.4}% 50
\BOOKMARK [2][-]{subsection.4.3.1}{\376\377\000E\000n\000j\000e\000u\000x\000\040\000d\000e\000\040\000l\000'\000i\000n\000t\000\351\000g\000r\000a\000t\000i\000o\000n}{section.4.3}% 51
\BOOKMARK [2][-]{subsection.4.3.2}{\376\377\000I\000n\000t\000\351\000g\000r\000a\000t\000i\000o\000n\000\040\000d\000e\000s\000\040\000c\000a\000m\000\351\000r\000a\000s\000\040\000d\000e\000\040\000s\000u\000r\000v\000e\000i\000l\000l\000a\000n\000c\000e}{section.4.3}% 52
\BOOKMARK [2][-]{subsection.4.3.3}{\376\377\000I\000n\000t\000\351\000g\000r\000a\000t\000i\000o\000n\000\040\000d\000e\000s\000\040\000s\000y\000s\000t\000\350\000m\000e\000s\000\040\000d\000e\000\040\000p\000o\000i\000n\000t\000a\000g\000e}{section.4.3}% 53
\BOOKMARK [2][-]{subsection.4.3.4}{\376\377\000G\000e\000s\000t\000i\000o\000n\000\040\000i\000n\000t\000e\000l\000l\000i\000g\000e\000n\000t\000e\000\040\000d\000e\000\040\000l\000'\000\351\000c\000l\000a\000i\000r\000a\000g\000e}{section.4.3}% 54
\BOOKMARK [2][-]{subsection.4.3.5}{\376\377\000G\000e\000s\000t\000i\000o\000n\000\040\000i\000n\000t\000e\000l\000l\000i\000g\000e\000n\000t\000e\000\040\000d\000u\000\040\000c\000a\000p\000t\000e\000u\000r\000\040\000d\000e\000\040\000t\000e\000m\000p\000\351\000r\000a\000t\000u\000r\000e\000\040\000e\000t\000\040\000h\000u\000m\000i\000d\000i\000t\000\351}{section.4.3}% 55
\BOOKMARK [2][-]{subsection.4.3.6}{\376\377\000S\000o\000l\000u\000t\000i\000o\000n\000\040\000p\000r\000o\000p\000o\000s\000\351\000e}{section.4.3}% 56
\BOOKMARK [1][-]{section.4.4}{\376\377\000S\000o\000l\000u\000t\000i\000o\000n\000\040\000a\000v\000e\000c\000\040\000R\000a\000s\000p\000b\000e\000r\000r\000y\000\040\000P\000i\000\040\000e\000t\000\040\000N\000o\000d\000e\000-\000R\000E\000D}{chapter.4}% 57
\BOOKMARK [2][-]{subsection.4.4.1}{\376\377\000M\000a\000t\000\351\000r\000i\000e\000l\000s\000\040\000u\000t\000i\000l\000i\000s\000\351\000s\000\040\000p\000o\000u\000r\000\040\000n\000o\000t\000r\000e\000\040\000p\000r\000o\000t\000o\000t\000y\000p\000e}{section.4.4}% 58
\BOOKMARK [2][-]{subsection.4.4.2}{\376\377\000C\000h\000o\000i\000x\000\040\000d\000e\000\040\000R\000a\000s\000p\000b\000e\000r\000r\000y\000\040\000P\000i\000\040\000e\000t\000\040\000N\000o\000d\000e\000-\000R\000E\000D}{section.4.4}% 59
\BOOKMARK [2][-]{subsection.4.4.3}{\376\377\000I\000n\000s\000t\000a\000l\000l\000a\000t\000i\000o\000n\000\040\000R\000a\000s\000p\000b\000e\000r\000r\000y\000\040\000P\000i\000\040\000O\000S\000\040\000e\000t\000\040\000N\000o\000d\000e\000-\000R\000E\000D}{section.4.4}% 60
\BOOKMARK [2][-]{subsection.4.4.4}{\376\377\000C\000o\000n\000f\000i\000g\000u\000r\000a\000t\000i\000o\000n\000\040\000d\000e\000\040\000N\000o\000d\000e\000-\000R\000E\000D}{section.4.4}% 61
\BOOKMARK [2][-]{subsection.4.4.5}{\376\377\000S\000\351\000c\000u\000r\000i\000t\000\351\000\040\000d\000e\000\040\000N\000o\000d\000e\000-\000R\000E\000D}{section.4.4}% 62
\BOOKMARK [2][-]{subsection.4.4.6}{\376\377\000R\000\351\000a\000l\000i\000s\000a\000t\000i\000o\000n\000\040\000d\000e\000\040\000p\000r\000o\000j\000e\000t\000\040\000a\000v\000e\000c\000\040\000N\000o\000d\000e\000-\000R\000E\000D}{section.4.4}% 63
\BOOKMARK [2][-]{subsection.4.4.7}{\376\377\000I\000n\000t\000\351\000g\000r\000a\000t\000i\000o\000n\000\040\000d\000a\000n\000s\000\040\000l\000e\000\040\000p\000a\000r\000c\000\040\000i\000n\000f\000o\000r\000m\000a\000t\000i\000q\000u\000e}{section.4.4}% 64
\BOOKMARK [1][-]{section.4.5}{\376\377\000C\000o\000n\000c\000l\000u\000s\000i\000o\000n}{chapter.4}% 65
\BOOKMARK [0][-]{chapter*.15}{\376\377\000C\000o\000n\000c\000l\000u\000s\000i\000o\000n\000\040\000G\000\351\000n\000\351\000r\000a\000l\000e\000\040}{}% 66
\BOOKMARK [0][-]{chapter*.16}{\376\377\000B\000i\000b\000l\000i\000o\000g\000r\000a\000p\000h\000i\000e}{}% 67
\BOOKMARK [0][-]{chapter*.17}{\376\377\000A\000c\000r\000o\000n\000y\000m\000e}{}% 68
